Arguments: 
  C:\Program Files\nodejs\node.exe C:\Users\jatav\AppData\Roaming\npm\node_modules\yarn\bin\yarn.js start

PATH: 
  C:\Program Files\Git\mingw64\bin;C:\Program Files\Git\usr\bin;C:\Users\jatav\bin;C:\Program Files (x86)\Intel\iCLS Client;C:\ProgramData\Oracle\Java\javapath;C:\Program Files\Intel\iCLS Client;C:\WINDOWS\system32;C:\WINDOWS;C:\WINDOWS\System32\Wbem;C:\WINDOWS\System32\WindowsPowerShell\v1.0;C:\Program Files\Microsoft SQL Server\130\Tools\Binn;C:\Program Files\nodejs;C:\Program Files (x86)\Brackets\command;C:\Program Files (x86)\Intel\Intel(R) Management Engine Components\DAL;C:\Program Files\Intel\Intel(R) Management Engine Components\DAL;C:\Program Files (x86)\Intel\Intel(R) Management Engine Components\IPT;C:\Program Files\Intel\Intel(R) Management Engine Components\IPT;C:\Program Files\Intel\WiFi\bin;C:\Program Files\Common Files\Intel\WirelessCommon;C:\Program Files\MongoDB\Server\3.6\bin;C:\xampp\php;C:\Users\jatav\AppData\Local\Microsoft\WindowsApps;C:\Users\jatav\AppData\Local\learn_ide\bin;C:\Users\jatav\AppData\Local\Microsoft\WindowsApps;C:\Program Files\Heroku\bin;C:\Users\jatav\AppData\Roaming\npm;C:\Program Files\Microsoft VS Code\bin;C:\Users\jatav\AppData\Local\GitHubDesktop\bin

Yarn version: 
  1.5.1

Node version: 
  6.11.1

Platform: 
  win32 x64

npm manifest: 
  No manifest

yarn manifest: 
  No manifest

Lockfile: 
  No lockfile

Trace: 
  Error: Couldn't find a package.json file in "C:\\BootCamp\\Chores-Check-up"
      at MessageError.Error (native)
      at new MessageError (C:\Users\jatav\AppData\Roaming\npm\node_modules\yarn\lib\cli.js:186:110)
      at C:\Users\jatav\AppData\Roaming\npm\node_modules\yarn\lib\cli.js:40048:15
      at next (native)
      at step (C:\Users\jatav\AppData\Roaming\npm\node_modules\yarn\lib\cli.js:98:30)
      at C:\Users\jatav\AppData\Roaming\npm\node_modules\yarn\lib\cli.js:109:13
